# JRE version: Java(TM) SE Runtime Environment 18.9 (11.0.10+8) (build 11.0.10+8-LTS-162)
# Java VM: Java HotSpot(TM) 64-Bit Server VM 18.9 (11.0.10+8-LTS-162, mixed mode, tiered, compressed oops, g1 gc, windows-amd64)
Heap:
 garbage-first heap   total 157696K, used 59590K [0x0000000081200000, 0x0000000100000000)
  region size 1024K, 37 young (37888K), 10 survivors (10240K)
 Metaspace       used 72614K, capacity 74370K, committed 74624K, reserved 1114112K
  class space    used 9078K, capacity 9762K, committed 9856K, reserved 1048576K
GC Heap History (10 events):
Event: 12.862 GC heap before
{Heap before GC invocations=10 (full 0):
 garbage-first heap   total 131072K, used 87067K [0x0000000081200000, 0x0000000100000000)
  region size 1024K, 76 young (77824K), 6 survivors (6144K)
 Metaspace       used 39048K, capacity 40132K, committed 40192K, reserved 1085440K
  class space    used 4616K, capacity 5068K, committed 5120K, reserved 1048576K
}
Event: 12.878 GC heap after
{Heap after GC invocations=11 (full 0):
 garbage-first heap   total 157696K, used 18284K [0x0000000081200000, 0x0000000100000000)
  region size 1024K, 7 young (7168K), 7 survivors (7168K)
 Metaspace       used 39048K, capacity 40132K, committed 40192K, reserved 1085440K
  class space    used 4616K, capacity 5068K, committed 5120K, reserved 1048576K
}
Event: 17.163 GC heap before
{Heap before GC invocations=11 (full 0):
 garbage-first heap   total 157696K, used 105324K [0x0000000081200000, 0x0000000100000000)
  region size 1024K, 92 young (94208K), 7 survivors (7168K)
 Metaspace       used 56206K, capacity 57474K, committed 57728K, reserved 1099776K
  class space    used 7037K, capacity 7537K, committed 7552K, reserved 1048576K
}
Event: 17.183 GC heap after
{Heap after GC invocations=12 (full 0):
 garbage-first heap   total 157696K, used 23628K [0x0000000081200000, 0x0000000100000000)
  region size 1024K, 8 young (8192K), 8 survivors (8192K)
 Metaspace       used 56206K, capacity 57474K, committed 57728K, reserved 1099776K
  class space    used 7037K, capacity 7537K, committed 7552K, reserved 1048576K
}
Event: 17.800 GC heap before
{Heap before GC invocations=12 (full 0):
 garbage-first heap   total 157696K, used 38988K [0x0000000081200000, 0x0000000100000000)
  region size 1024K, 24 young (24576K), 8 survivors (8192K)
 Metaspace       used 58726K, capacity 60091K, committed 60160K, reserved 1101824K
  class space    used 7362K, capacity 7919K, committed 7936K, reserved 1048576K
}
Event: 17.816 GC heap after
{Heap after GC invocations=13 (full 0):
 garbage-first heap   total 157696K, used 25131K [0x0000000081200000, 0x0000000100000000)
  region size 1024K, 7 young (7168K), 7 survivors (7168K)
 Metaspace       used 58726K, capacity 60091K, committed 60160K, reserved 1101824K
  class space    used 7362K, capacity 7919K, committed 7936K, reserved 1048576K
}
Event: 20.050 GC heap before
{Heap before GC invocations=14 (full 0):
 garbage-first heap   total 157696K, used 99883K [0x0000000081200000, 0x0000000100000000)
  region size 1024K, 80 young (81920K), 7 survivors (7168K)
 Metaspace       used 63511K, capacity 64969K, committed 65152K, reserved 1105920K
  class space    used 7938K, capacity 8542K, committed 8576K, reserved 1048576K
}
Event: 20.067 GC heap after
{Heap after GC invocations=15 (full 0):
 garbage-first heap   total 157696K, used 28249K [0x0000000081200000, 0x0000000100000000)
  region size 1024K, 5 young (5120K), 5 survivors (5120K)
 Metaspace       used 63511K, capacity 64969K, committed 65152K, reserved 1105920K
  class space    used 7938K, capacity 8542K, committed 8576K, reserved 1048576K
}
Event: 23.635 GC heap before
{Heap before GC invocations=15 (full 0):
 garbage-first heap   total 157696K, used 105049K [0x0000000081200000, 0x0000000100000000)
  region size 1024K, 80 young (81920K), 5 survivors (5120K)
 Metaspace       used 70674K, capacity 72383K, committed 72576K, reserved 1112064K
  class space    used 8875K, capacity 9551K, committed 9600K, reserved 1048576K
}
Event: 23.655 GC heap after
{Heap after GC invocations=16 (full 0):
 garbage-first heap   total 157696K, used 32966K [0x0000000081200000, 0x0000000100000000)
  region size 1024K, 10 young (10240K), 10 survivors (10240K)
 Metaspace       used 70674K, capacity 72383K, committed 72576K, reserved 1112064K
  class space    used 8875K, capacity 9551K, committed 9600K, reserved 1048576K
}

